# JRE version: Java(TM) SE Runtime Environment (9.0+11) (build 9.0.4+11)
# Java VM: Java HotSpot(TM) 64-Bit Server VM (9.0.4+11, mixed mode, tiered, compressed oops, g1 gc, windows-amd64)
Heap:
 garbage-first heap   total 220160K, used 110609K [0x0000000700000000, 0x00000007001006b8, 0x00000007c0000000)
  region size 1024K, 45 young (46080K), 1 survivors (1024K)
 Metaspace       used 81536K, capacity 83443K, committed 90032K, reserved 1126400K
  class space    used 10367K, capacity 10794K, committed 12208K, reserved 1048576K
GC Heap History (10 events):
Event: 9965.839 GC heap before
{Heap before GC invocations=1035 (full 476):
 garbage-first heap   total 220160K, used 126948K [0x0000000700000000, 0x00000007001006b8, 0x00000007c0000000)
  region size 1024K, 60 young (61440K), 1 survivors (1024K)
 Metaspace       used 81514K, capacity 83443K, committed 90032K, reserved 1126400K
  class space    used 10367K, capacity 10794K, committed 12208K, reserved 1048576K
}
Event: 9965.841 GC heap after
{Heap after GC invocations=1036 (full 476):
 garbage-first heap   total 220160K, used 66635K [0x0000000700000000, 0x00000007001006b8, 0x00000007c0000000)
  region size 1024K, 1 young (1024K), 1 survivors (1024K)
 Metaspace       used 81514K, capacity 83443K, committed 90032K, reserved 1126400K
  class space    used 10367K, capacity 10794K, committed 12208K, reserved 1048576K
}
Event: 9967.658 GC heap before
{Heap before GC invocations=1036 (full 476):
 garbage-first heap   total 220160K, used 127051K [0x0000000700000000, 0x00000007001006b8, 0x00000007c0000000)
  region size 1024K, 60 young (61440K), 1 survivors (1024K)
 Metaspace       used 81516K, capacity 83443K, committed 90032K, reserved 1126400K
  class space    used 10367K, capacity 10794K, committed 12208K, reserved 1048576K
}
Event: 9967.660 GC heap after
{Heap after GC invocations=1037 (full 476):
 garbage-first heap   total 220160K, used 66408K [0x0000000700000000, 0x00000007001006b8, 0x00000007c0000000)
  region size 1024K, 1 young (1024K), 1 survivors (1024K)
 Metaspace       used 81516K, capacity 83443K, committed 90032K, reserved 1126400K
  class space    used 10367K, capacity 10794K, committed 12208K, reserved 1048576K
}
Event: 9970.494 GC heap before
{Heap before GC invocations=1037 (full 476):
 garbage-first heap   total 220160K, used 126824K [0x0000000700000000, 0x00000007001006b8, 0x00000007c0000000)
  region size 1024K, 60 young (61440K), 1 survivors (1024K)
 Metaspace       used 81525K, capacity 83443K, committed 90032K, reserved 1126400K
  class space    used 10367K, capacity 10794K, committed 12208K, reserved 1048576K
}
Event: 9970.495 GC heap after
{Heap after GC invocations=1038 (full 476):
 garbage-first heap   total 220160K, used 66367K [0x0000000700000000, 0x00000007001006b8, 0x00000007c0000000)
  region size 1024K, 1 young (1024K), 1 survivors (1024K)
 Metaspace       used 81525K, capacity 83443K, committed 90032K, reserved 1126400K
  class space    used 10367K, capacity 10794K, committed 12208K, reserved 1048576K
}
Event: 9975.477 GC heap before
{Heap before GC invocations=1038 (full 476):
 garbage-first heap   total 220160K, used 126783K [0x0000000700000000, 0x00000007001006b8, 0x00000007c0000000)
  region size 1024K, 60 young (61440K), 1 survivors (1024K)
 Metaspace       used 81532K, capacity 83443K, committed 90032K, reserved 1126400K
  class space    used 10367K, capacity 10794K, committed 12208K, reserved 1048576K
}
Event: 9975.479 GC heap after
{Heap after GC invocations=1039 (full 476):
 garbage-first heap   total 220160K, used 66455K [0x0000000700000000, 0x00000007001006b8, 0x00000007c0000000)
  region size 1024K, 1 young (1024K), 1 survivors (1024K)
 Metaspace       used 81532K, capacity 83443K, committed 90032K, reserved 1126400K
  class space    used 10367K, capacity 10794K, committed 12208K, reserved 1048576K
}
Event: 9976.601 GC heap before
{Heap before GC invocations=1039 (full 476):
 garbage-first heap   total 220160K, used 126871K [0x0000000700000000, 0x00000007001006b8, 0x00000007c0000000)
  region size 1024K, 60 young (61440K), 1 survivors (1024K)
 Metaspace       used 81536K, capacity 83443K, committed 90032K, reserved 1126400K
  class space    used 10367K, capacity 10794K, committed 12208K, reserved 1048576K
}
Event: 9976.603 GC heap after
{Heap after GC invocations=1040 (full 476):
 garbage-first heap   total 220160K, used 66577K [0x0000000700000000, 0x00000007001006b8, 0x00000007c0000000)
  region size 1024K, 1 young (1024K), 1 survivors (1024K)
 Metaspace       used 81536K, capacity 83443K, committed 90032K, reserved 1126400K
  class space    used 10367K, capacity 10794K, committed 12208K, reserved 1048576K
}

